2020-09-01 23:05:13,034 INFO [restartedMain] c.n.c.CommunityApplication [StartupInfoLogger.java:55] Starting CommunityApplication on LiamdeMacBook-Pro.local with PID 31337 (/Users/liamcoder/git_projects/nowcoder/target/classes started by liamcoder in /Users/liamcoder/git_projects/nowcoder)
2020-09-01 23:05:13,039 INFO [restartedMain] c.n.c.CommunityApplication [SpringApplication.java:651] No active profile set, falling back to default profiles: default
2020-09-01 23:05:13,084 INFO [restartedMain] o.s.b.d.e.DevToolsPropertyDefaultsPostProcessor [DeferredLog.java:225] Devtools property defaults active! Set 'spring.devtools.add-properties' to 'false' to disable
2020-09-01 23:05:13,084 INFO [restartedMain] o.s.b.d.e.DevToolsPropertyDefaultsPostProcessor [DeferredLog.java:225] For additional web related logging consider setting the 'logging.level.web' property to 'DEBUG'
2020-09-01 23:05:13,841 INFO [restartedMain] o.s.d.r.c.RepositoryConfigurationDelegate [RepositoryConfigurationDelegate.java:249] Multiple Spring Data modules found, entering strict repository configuration mode!
2020-09-01 23:05:13,843 INFO [restartedMain] o.s.d.r.c.RepositoryConfigurationDelegate [RepositoryConfigurationDelegate.java:127] Bootstrapping Spring Data Redis repositories in DEFAULT mode.
2020-09-01 23:05:13,863 INFO [restartedMain] o.s.d.r.c.RepositoryConfigurationDelegate [RepositoryConfigurationDelegate.java:187] Finished Spring Data repository scanning in 11ms. Found 0 Redis repository interfaces.
2020-09-01 23:05:14,452 INFO [restartedMain] o.s.b.w.e.t.TomcatWebServer [TomcatWebServer.java:108] Tomcat initialized with port(s): 8080 (http)
2020-09-01 23:05:14,460 INFO [restartedMain] o.a.c.h.Http11NioProtocol [DirectJDKLog.java:173] Initializing ProtocolHandler ["http-nio-8080"]
2020-09-01 23:05:14,461 INFO [restartedMain] o.a.c.c.StandardService [DirectJDKLog.java:173] Starting service [Tomcat]
2020-09-01 23:05:14,461 INFO [restartedMain] o.a.c.c.StandardEngine [DirectJDKLog.java:173] Starting Servlet engine: [Apache Tomcat/9.0.37]
2020-09-01 23:05:14,514 INFO [restartedMain] o.a.c.c.C.[.[.[/community] [DirectJDKLog.java:173] Initializing Spring embedded WebApplicationContext
2020-09-01 23:05:14,515 INFO [restartedMain] o.s.b.w.s.c.ServletWebServerApplicationContext [ServletWebServerApplicationContext.java:285] Root WebApplicationContext: initialization completed in 1431 ms
2020-09-01 23:05:15,254 INFO [restartedMain] o.s.s.c.ThreadPoolTaskExecutor [ExecutorConfigurationSupport.java:181] Initializing ExecutorService 'applicationTaskExecutor'
2020-09-01 23:05:15,325 INFO [restartedMain] o.s.b.a.w.s.WelcomePageHandlerMapping [WelcomePageHandlerMapping.java:58] Adding welcome page template: index
2020-09-01 23:05:15,612 INFO [restartedMain] o.s.b.d.a.OptionalLiveReloadServer [OptionalLiveReloadServer.java:58] LiveReload server is running on port 35729
2020-09-01 23:05:15,639 INFO [restartedMain] o.a.c.h.Http11NioProtocol [DirectJDKLog.java:173] Starting ProtocolHandler ["http-nio-8080"]
2020-09-01 23:05:15,661 INFO [restartedMain] o.s.b.w.e.t.TomcatWebServer [TomcatWebServer.java:220] Tomcat started on port(s): 8080 (http) with context path '/community'
2020-09-01 23:05:15,673 INFO [restartedMain] c.n.c.CommunityApplication [StartupInfoLogger.java:61] Started CommunityApplication in 3.133 seconds (JVM running for 4.527)
2020-09-01 23:05:23,417 INFO [http-nio-8080-exec-1] o.a.c.c.C.[.[.[/community] [DirectJDKLog.java:173] Initializing Spring DispatcherServlet 'dispatcherServlet'
2020-09-01 23:05:23,418 INFO [http-nio-8080-exec-1] o.s.w.s.DispatcherServlet [FrameworkServlet.java:525] Initializing Servlet 'dispatcherServlet'
2020-09-01 23:05:23,427 INFO [http-nio-8080-exec-1] o.s.w.s.DispatcherServlet [FrameworkServlet.java:547] Completed initialization in 9 ms
2020-09-01 23:05:23,444 INFO [http-nio-8080-exec-1] c.n.c.a.ServiceLogAspect [ServiceLogAspect.java:36] 用户[0:0:0:0:0:0:0:1],在[2020-09-01 23:05:23],访问了[com.nowcoder.community.service.UserService.findLoginTicket].
2020-09-01 23:05:23,703 INFO [http-nio-8080-exec-1] c.n.c.a.ServiceLogAspect [ServiceLogAspect.java:36] 用户[0:0:0:0:0:0:0:1],在[2020-09-01 23:05:23],访问了[com.nowcoder.community.service.DiscussPostService.findDiscussPostRows].
2020-09-01 23:05:23,730 INFO [http-nio-8080-exec-1] c.z.h.HikariDataSource [HikariDataSource.java:110] HikariPool-1 - Starting...
2020-09-01 23:05:24,880 INFO [http-nio-8080-exec-2] c.n.c.a.ServiceLogAspect [ServiceLogAspect.java:36] 用户[0:0:0:0:0:0:0:1],在[2020-09-01 23:05:24],访问了[com.nowcoder.community.service.UserService.findLoginTicket].
2020-09-01 23:05:33,782 INFO [SpringContextShutdownHook] o.s.s.c.ThreadPoolTaskExecutor [ExecutorConfigurationSupport.java:218] Shutting down ExecutorService 'applicationTaskExecutor'
2020-09-01 23:05:37,770 INFO [restartedMain] c.n.c.CommunityApplication [StartupInfoLogger.java:55] Starting CommunityApplication on LiamdeMacBook-Pro.local with PID 31361 (/Users/liamcoder/git_projects/nowcoder/target/classes started by liamcoder in /Users/liamcoder/git_projects/nowcoder)
2020-09-01 23:05:37,774 INFO [restartedMain] c.n.c.CommunityApplication [SpringApplication.java:651] No active profile set, falling back to default profiles: default
2020-09-01 23:05:37,847 INFO [restartedMain] o.s.b.d.e.DevToolsPropertyDefaultsPostProcessor [DeferredLog.java:225] Devtools property defaults active! Set 'spring.devtools.add-properties' to 'false' to disable
2020-09-01 23:05:37,848 INFO [restartedMain] o.s.b.d.e.DevToolsPropertyDefaultsPostProcessor [DeferredLog.java:225] For additional web related logging consider setting the 'logging.level.web' property to 'DEBUG'
2020-09-01 23:05:38,455 INFO [restartedMain] o.s.d.r.c.RepositoryConfigurationDelegate [RepositoryConfigurationDelegate.java:249] Multiple Spring Data modules found, entering strict repository configuration mode!
2020-09-01 23:05:38,457 INFO [restartedMain] o.s.d.r.c.RepositoryConfigurationDelegate [RepositoryConfigurationDelegate.java:127] Bootstrapping Spring Data Redis repositories in DEFAULT mode.
2020-09-01 23:05:38,477 INFO [restartedMain] o.s.d.r.c.RepositoryConfigurationDelegate [RepositoryConfigurationDelegate.java:187] Finished Spring Data repository scanning in 10ms. Found 0 Redis repository interfaces.
2020-09-01 23:05:39,085 INFO [restartedMain] o.s.b.w.e.t.TomcatWebServer [TomcatWebServer.java:108] Tomcat initialized with port(s): 8080 (http)
2020-09-01 23:05:39,093 INFO [restartedMain] o.a.c.h.Http11NioProtocol [DirectJDKLog.java:173] Initializing ProtocolHandler ["http-nio-8080"]
2020-09-01 23:05:39,094 INFO [restartedMain] o.a.c.c.StandardService [DirectJDKLog.java:173] Starting service [Tomcat]
2020-09-01 23:05:39,094 INFO [restartedMain] o.a.c.c.StandardEngine [DirectJDKLog.java:173] Starting Servlet engine: [Apache Tomcat/9.0.37]
2020-09-01 23:05:39,150 INFO [restartedMain] o.a.c.c.C.[.[.[/community] [DirectJDKLog.java:173] Initializing Spring embedded WebApplicationContext
2020-09-01 23:05:39,151 INFO [restartedMain] o.s.b.w.s.c.ServletWebServerApplicationContext [ServletWebServerApplicationContext.java:285] Root WebApplicationContext: initialization completed in 1302 ms
2020-09-01 23:05:39,901 INFO [restartedMain] o.s.s.c.ThreadPoolTaskExecutor [ExecutorConfigurationSupport.java:181] Initializing ExecutorService 'applicationTaskExecutor'
2020-09-01 23:05:39,964 INFO [restartedMain] o.s.b.a.w.s.WelcomePageHandlerMapping [WelcomePageHandlerMapping.java:58] Adding welcome page template: index
2020-09-01 23:05:40,188 INFO [restartedMain] o.s.b.d.a.OptionalLiveReloadServer [OptionalLiveReloadServer.java:58] LiveReload server is running on port 35729
2020-09-01 23:05:40,213 INFO [restartedMain] o.a.c.h.Http11NioProtocol [DirectJDKLog.java:173] Starting ProtocolHandler ["http-nio-8080"]
2020-09-01 23:05:40,234 INFO [restartedMain] o.s.b.w.e.t.TomcatWebServer [TomcatWebServer.java:220] Tomcat started on port(s): 8080 (http) with context path '/community'
2020-09-01 23:05:40,245 INFO [restartedMain] c.n.c.CommunityApplication [StartupInfoLogger.java:61] Started CommunityApplication in 2.822 seconds (JVM running for 3.508)
2020-09-01 23:05:46,811 INFO [SpringContextShutdownHook] o.s.s.c.ThreadPoolTaskExecutor [ExecutorConfigurationSupport.java:218] Shutting down ExecutorService 'applicationTaskExecutor'
2020-09-01 23:16:06,982 INFO [restartedMain] c.n.c.CommunityApplication [StartupInfoLogger.java:55] Starting CommunityApplication on LiamdeMacBook-Pro.local with PID 31635 (/Users/liamcoder/git_projects/nowcoder/target/classes started by liamcoder in /Users/liamcoder/git_projects/nowcoder)
2020-09-01 23:16:06,990 INFO [restartedMain] c.n.c.CommunityApplication [SpringApplication.java:651] No active profile set, falling back to default profiles: default
2020-09-01 23:16:07,079 INFO [restartedMain] o.s.b.d.e.DevToolsPropertyDefaultsPostProcessor [DeferredLog.java:225] Devtools property defaults active! Set 'spring.devtools.add-properties' to 'false' to disable
2020-09-01 23:16:07,080 INFO [restartedMain] o.s.b.d.e.DevToolsPropertyDefaultsPostProcessor [DeferredLog.java:225] For additional web related logging consider setting the 'logging.level.web' property to 'DEBUG'
2020-09-01 23:16:08,041 INFO [restartedMain] o.s.d.r.c.RepositoryConfigurationDelegate [RepositoryConfigurationDelegate.java:249] Multiple Spring Data modules found, entering strict repository configuration mode!
2020-09-01 23:16:08,044 INFO [restartedMain] o.s.d.r.c.RepositoryConfigurationDelegate [RepositoryConfigurationDelegate.java:127] Bootstrapping Spring Data Redis repositories in DEFAULT mode.
2020-09-01 23:16:08,075 INFO [restartedMain] o.s.d.r.c.RepositoryConfigurationDelegate [RepositoryConfigurationDelegate.java:187] Finished Spring Data repository scanning in 19ms. Found 0 Redis repository interfaces.
2020-09-01 23:16:08,848 INFO [restartedMain] o.s.b.w.e.t.TomcatWebServer [TomcatWebServer.java:108] Tomcat initialized with port(s): 8080 (http)
2020-09-01 23:16:08,858 INFO [restartedMain] o.a.c.h.Http11NioProtocol [DirectJDKLog.java:173] Initializing ProtocolHandler ["http-nio-8080"]
2020-09-01 23:16:08,859 INFO [restartedMain] o.a.c.c.StandardService [DirectJDKLog.java:173] Starting service [Tomcat]
2020-09-01 23:16:08,859 INFO [restartedMain] o.a.c.c.StandardEngine [DirectJDKLog.java:173] Starting Servlet engine: [Apache Tomcat/9.0.37]
2020-09-01 23:16:08,930 INFO [restartedMain] o.a.c.c.C.[.[.[/community] [DirectJDKLog.java:173] Initializing Spring embedded WebApplicationContext
2020-09-01 23:16:08,931 INFO [restartedMain] o.s.b.w.s.c.ServletWebServerApplicationContext [ServletWebServerApplicationContext.java:285] Root WebApplicationContext: initialization completed in 1850 ms
2020-09-01 23:16:09,921 INFO [restartedMain] o.s.s.c.ThreadPoolTaskExecutor [ExecutorConfigurationSupport.java:181] Initializing ExecutorService 'applicationTaskExecutor'
2020-09-01 23:16:10,050 INFO [restartedMain] o.s.b.a.w.s.WelcomePageHandlerMapping [WelcomePageHandlerMapping.java:58] Adding welcome page template: index
2020-09-01 23:16:10,412 INFO [restartedMain] o.s.b.d.a.OptionalLiveReloadServer [OptionalLiveReloadServer.java:58] LiveReload server is running on port 35729
2020-09-01 23:16:10,450 INFO [restartedMain] o.a.c.h.Http11NioProtocol [DirectJDKLog.java:173] Starting ProtocolHandler ["http-nio-8080"]
2020-09-01 23:16:10,479 INFO [restartedMain] o.s.b.w.e.t.TomcatWebServer [TomcatWebServer.java:220] Tomcat started on port(s): 8080 (http) with context path '/community'
2020-09-01 23:16:10,494 INFO [restartedMain] c.n.c.CommunityApplication [StartupInfoLogger.java:61] Started CommunityApplication in 4.129 seconds (JVM running for 5.383)
2020-09-01 23:16:19,981 INFO [http-nio-8080-exec-1] o.a.c.c.C.[.[.[/community] [DirectJDKLog.java:173] Initializing Spring DispatcherServlet 'dispatcherServlet'
2020-09-01 23:16:19,982 INFO [http-nio-8080-exec-1] o.s.w.s.DispatcherServlet [FrameworkServlet.java:525] Initializing Servlet 'dispatcherServlet'
2020-09-01 23:16:19,991 INFO [http-nio-8080-exec-1] o.s.w.s.DispatcherServlet [FrameworkServlet.java:547] Completed initialization in 8 ms
2020-09-01 23:16:20,006 INFO [http-nio-8080-exec-1] c.n.c.a.ServiceLogAspect [ServiceLogAspect.java:36] 用户[0:0:0:0:0:0:0:1],在[2020-09-01 23:16:20],访问了[com.nowcoder.community.service.UserService.findLoginTicket].
2020-09-01 23:16:20,228 INFO [http-nio-8080-exec-1] c.n.c.a.ServiceLogAspect [ServiceLogAspect.java:36] 用户[0:0:0:0:0:0:0:1],在[2020-09-01 23:16:20],访问了[com.nowcoder.community.service.DiscussPostService.findDiscussPostRows].
2020-09-01 23:16:20,252 INFO [http-nio-8080-exec-1] c.z.h.HikariDataSource [HikariDataSource.java:110] HikariPool-1 - Starting...
2020-09-01 23:16:20,361 INFO [http-nio-8080-exec-1] c.z.h.HikariDataSource [HikariDataSource.java:123] HikariPool-1 - Start completed.
2020-09-01 23:16:20,425 INFO [http-nio-8080-exec-1] c.n.c.a.ServiceLogAspect [ServiceLogAspect.java:36] 用户[0:0:0:0:0:0:0:1],在[2020-09-01 23:16:20],访问了[com.nowcoder.community.service.DiscussPostService.findDiscussPosts].
2020-09-01 23:16:20,443 INFO [http-nio-8080-exec-1] c.n.c.a.ServiceLogAspect [ServiceLogAspect.java:36] 用户[0:0:0:0:0:0:0:1],在[2020-09-01 23:16:20],访问了[com.nowcoder.community.service.UserService.findUserById].
2020-09-01 23:16:20,501 INFO [http-nio-8080-exec-1] c.n.c.a.ServiceLogAspect [ServiceLogAspect.java:36] 用户[0:0:0:0:0:0:0:1],在[2020-09-01 23:16:20],访问了[com.nowcoder.community.service.LikeService.findEntityLikeCount].
2020-09-01 23:16:20,511 INFO [http-nio-8080-exec-1] c.n.c.a.ServiceLogAspect [ServiceLogAspect.java:36] 用户[0:0:0:0:0:0:0:1],在[2020-09-01 23:16:20],访问了[com.nowcoder.community.service.UserService.findUserById].
2020-09-01 23:16:20,521 INFO [http-nio-8080-exec-1] c.n.c.a.ServiceLogAspect [ServiceLogAspect.java:36] 用户[0:0:0:0:0:0:0:1],在[2020-09-01 23:16:20],访问了[com.nowcoder.community.service.LikeService.findEntityLikeCount].
2020-09-01 23:16:20,523 INFO [http-nio-8080-exec-1] c.n.c.a.ServiceLogAspect [ServiceLogAspect.java:36] 用户[0:0:0:0:0:0:0:1],在[2020-09-01 23:16:20],访问了[com.nowcoder.community.service.UserService.findUserById].
2020-09-01 23:16:20,529 INFO [http-nio-8080-exec-1] c.n.c.a.ServiceLogAspect [ServiceLogAspect.java:36] 用户[0:0:0:0:0:0:0:1],在[2020-09-01 23:16:20],访问了[com.nowcoder.community.service.LikeService.findEntityLikeCount].
2020-09-01 23:16:20,530 INFO [http-nio-8080-exec-1] c.n.c.a.ServiceLogAspect [ServiceLogAspect.java:36] 用户[0:0:0:0:0:0:0:1],在[2020-09-01 23:16:20],访问了[com.nowcoder.community.service.UserService.findUserById].
2020-09-01 23:16:20,536 INFO [http-nio-8080-exec-1] c.n.c.a.ServiceLogAspect [ServiceLogAspect.java:36] 用户[0:0:0:0:0:0:0:1],在[2020-09-01 23:16:20],访问了[com.nowcoder.community.service.LikeService.findEntityLikeCount].
2020-09-01 23:16:20,538 INFO [http-nio-8080-exec-1] c.n.c.a.ServiceLogAspect [ServiceLogAspect.java:36] 用户[0:0:0:0:0:0:0:1],在[2020-09-01 23:16:20],访问了[com.nowcoder.community.service.UserService.findUserById].
2020-09-01 23:16:20,575 INFO [http-nio-8080-exec-1] c.n.c.a.ServiceLogAspect [ServiceLogAspect.java:36] 用户[0:0:0:0:0:0:0:1],在[2020-09-01 23:16:20],访问了[com.nowcoder.community.service.LikeService.findEntityLikeCount].
2020-09-01 23:16:20,576 INFO [http-nio-8080-exec-1] c.n.c.a.ServiceLogAspect [ServiceLogAspect.java:36] 用户[0:0:0:0:0:0:0:1],在[2020-09-01 23:16:20],访问了[com.nowcoder.community.service.UserService.findUserById].
2020-09-01 23:16:20,579 INFO [http-nio-8080-exec-1] c.n.c.a.ServiceLogAspect [ServiceLogAspect.java:36] 用户[0:0:0:0:0:0:0:1],在[2020-09-01 23:16:20],访问了[com.nowcoder.community.service.LikeService.findEntityLikeCount].
2020-09-01 23:16:20,581 INFO [http-nio-8080-exec-1] c.n.c.a.ServiceLogAspect [ServiceLogAspect.java:36] 用户[0:0:0:0:0:0:0:1],在[2020-09-01 23:16:20],访问了[com.nowcoder.community.service.UserService.findUserById].
2020-09-01 23:16:20,589 INFO [http-nio-8080-exec-1] c.n.c.a.ServiceLogAspect [ServiceLogAspect.java:36] 用户[0:0:0:0:0:0:0:1],在[2020-09-01 23:16:20],访问了[com.nowcoder.community.service.LikeService.findEntityLikeCount].
2020-09-01 23:16:20,592 INFO [http-nio-8080-exec-1] c.n.c.a.ServiceLogAspect [ServiceLogAspect.java:36] 用户[0:0:0:0:0:0:0:1],在[2020-09-01 23:16:20],访问了[com.nowcoder.community.service.UserService.findUserById].
2020-09-01 23:16:20,598 INFO [http-nio-8080-exec-1] c.n.c.a.ServiceLogAspect [ServiceLogAspect.java:36] 用户[0:0:0:0:0:0:0:1],在[2020-09-01 23:16:20],访问了[com.nowcoder.community.service.LikeService.findEntityLikeCount].
2020-09-01 23:16:20,599 INFO [http-nio-8080-exec-1] c.n.c.a.ServiceLogAspect [ServiceLogAspect.java:36] 用户[0:0:0:0:0:0:0:1],在[2020-09-01 23:16:20],访问了[com.nowcoder.community.service.UserService.findUserById].
2020-09-01 23:16:20,605 INFO [http-nio-8080-exec-1] c.n.c.a.ServiceLogAspect [ServiceLogAspect.java:36] 用户[0:0:0:0:0:0:0:1],在[2020-09-01 23:16:20],访问了[com.nowcoder.community.service.LikeService.findEntityLikeCount].
2020-09-01 23:16:20,607 INFO [http-nio-8080-exec-1] c.n.c.a.ServiceLogAspect [ServiceLogAspect.java:36] 用户[0:0:0:0:0:0:0:1],在[2020-09-01 23:16:20],访问了[com.nowcoder.community.service.UserService.findUserById].
2020-09-01 23:16:20,609 INFO [http-nio-8080-exec-1] c.n.c.a.ServiceLogAspect [ServiceLogAspect.java:36] 用户[0:0:0:0:0:0:0:1],在[2020-09-01 23:16:20],访问了[com.nowcoder.community.service.LikeService.findEntityLikeCount].
2020-09-01 23:16:24,304 INFO [http-nio-8080-exec-8] c.n.c.a.ServiceLogAspect [ServiceLogAspect.java:36] 用户[0:0:0:0:0:0:0:1],在[2020-09-01 23:16:24],访问了[com.nowcoder.community.service.UserService.findLoginTicket].
2020-09-01 23:16:24,309 INFO [http-nio-8080-exec-8] c.n.c.a.ServiceLogAspect [ServiceLogAspect.java:36] 用户[0:0:0:0:0:0:0:1],在[2020-09-01 23:16:24],访问了[com.nowcoder.community.service.UserService.findUserById].
2020-09-01 23:16:24,312 INFO [http-nio-8080-exec-8] c.n.c.a.ServiceLogAspect [ServiceLogAspect.java:36] 用户[0:0:0:0:0:0:0:1],在[2020-09-01 23:16:24],访问了[com.nowcoder.community.service.LikeService.findUserLikeCount].
2020-09-01 23:16:24,314 INFO [http-nio-8080-exec-8] c.n.c.a.ServiceLogAspect [ServiceLogAspect.java:36] 用户[0:0:0:0:0:0:0:1],在[2020-09-01 23:16:24],访问了[com.nowcoder.community.service.FollowService.findFolloweeCount].
2020-09-01 23:16:24,322 INFO [http-nio-8080-exec-8] c.n.c.a.ServiceLogAspect [ServiceLogAspect.java:36] 用户[0:0:0:0:0:0:0:1],在[2020-09-01 23:16:24],访问了[com.nowcoder.community.service.FollowService.findFollowerCount].
2020-09-01 23:16:27,352 INFO [http-nio-8080-exec-5] c.n.c.a.ServiceLogAspect [ServiceLogAspect.java:36] 用户[0:0:0:0:0:0:0:1],在[2020-09-01 23:16:27],访问了[com.nowcoder.community.service.UserService.findLoginTicket].
2020-09-01 23:16:27,355 INFO [http-nio-8080-exec-5] c.n.c.a.ServiceLogAspect [ServiceLogAspect.java:36] 用户[0:0:0:0:0:0:0:1],在[2020-09-01 23:16:27],访问了[com.nowcoder.community.service.UserService.findUserById].
2020-09-01 23:16:27,358 INFO [http-nio-8080-exec-5] c.n.c.a.ServiceLogAspect [ServiceLogAspect.java:36] 用户[0:0:0:0:0:0:0:1],在[2020-09-01 23:16:27],访问了[com.nowcoder.community.service.LikeService.findUserLikeCount].
2020-09-01 23:16:27,360 INFO [http-nio-8080-exec-5] c.n.c.a.ServiceLogAspect [ServiceLogAspect.java:36] 用户[0:0:0:0:0:0:0:1],在[2020-09-01 23:16:27],访问了[com.nowcoder.community.service.FollowService.findFolloweeCount].
2020-09-01 23:16:27,362 INFO [http-nio-8080-exec-5] c.n.c.a.ServiceLogAspect [ServiceLogAspect.java:36] 用户[0:0:0:0:0:0:0:1],在[2020-09-01 23:16:27],访问了[com.nowcoder.community.service.FollowService.findFollowerCount].
2020-09-01 23:16:30,066 INFO [http-nio-8080-exec-8] c.n.c.a.ServiceLogAspect [ServiceLogAspect.java:36] 用户[0:0:0:0:0:0:0:1],在[2020-09-01 23:16:30],访问了[com.nowcoder.community.service.UserService.findLoginTicket].
2020-09-01 23:16:30,068 INFO [http-nio-8080-exec-8] c.n.c.a.ServiceLogAspect [ServiceLogAspect.java:36] 用户[0:0:0:0:0:0:0:1],在[2020-09-01 23:16:30],访问了[com.nowcoder.community.service.UserService.findUserById].
2020-09-01 23:16:30,070 INFO [http-nio-8080-exec-8] c.n.c.a.ServiceLogAspect [ServiceLogAspect.java:36] 用户[0:0:0:0:0:0:0:1],在[2020-09-01 23:16:30],访问了[com.nowcoder.community.service.LikeService.findUserLikeCount].
2020-09-01 23:16:30,072 INFO [http-nio-8080-exec-8] c.n.c.a.ServiceLogAspect [ServiceLogAspect.java:36] 用户[0:0:0:0:0:0:0:1],在[2020-09-01 23:16:30],访问了[com.nowcoder.community.service.FollowService.findFolloweeCount].
2020-09-01 23:16:30,074 INFO [http-nio-8080-exec-8] c.n.c.a.ServiceLogAspect [ServiceLogAspect.java:36] 用户[0:0:0:0:0:0:0:1],在[2020-09-01 23:16:30],访问了[com.nowcoder.community.service.FollowService.findFollowerCount].
2020-09-01 23:16:33,781 INFO [http-nio-8080-exec-5] c.n.c.a.ServiceLogAspect [ServiceLogAspect.java:36] 用户[0:0:0:0:0:0:0:1],在[2020-09-01 23:16:33],访问了[com.nowcoder.community.service.UserService.findLoginTicket].
2020-09-01 23:16:33,845 INFO [http-nio-8080-exec-7] c.n.c.a.ServiceLogAspect [ServiceLogAspect.java:36] 用户[0:0:0:0:0:0:0:1],在[2020-09-01 23:16:33],访问了[com.nowcoder.community.service.UserService.findLoginTicket].
2020-09-01 23:16:36,465 INFO [http-nio-8080-exec-8] c.n.c.a.ServiceLogAspect [ServiceLogAspect.java:36] 用户[0:0:0:0:0:0:0:1],在[2020-09-01 23:16:36],访问了[com.nowcoder.community.service.UserService.findLoginTicket].
2020-09-01 23:16:41,334 INFO [http-nio-8080-exec-9] c.n.c.a.ServiceLogAspect [ServiceLogAspect.java:36] 用户[0:0:0:0:0:0:0:1],在[2020-09-01 23:16:41],访问了[com.nowcoder.community.service.UserService.findLoginTicket].
2020-09-01 23:16:41,355 INFO [http-nio-8080-exec-9] c.n.c.a.ServiceLogAspect [ServiceLogAspect.java:36] 用户[0:0:0:0:0:0:0:1],在[2020-09-01 23:16:41],访问了[com.nowcoder.community.service.UserService.login].
2020-09-01 23:16:41,380 INFO [http-nio-8080-exec-10] c.n.c.a.ServiceLogAspect [ServiceLogAspect.java:36] 用户[0:0:0:0:0:0:0:1],在[2020-09-01 23:16:41],访问了[com.nowcoder.community.service.UserService.findLoginTicket].
2020-09-01 23:16:41,384 INFO [http-nio-8080-exec-10] c.n.c.a.ServiceLogAspect [ServiceLogAspect.java:36] 用户[0:0:0:0:0:0:0:1],在[2020-09-01 23:16:41],访问了[com.nowcoder.community.service.UserService.findUserById].
2020-09-01 23:16:41,387 INFO [http-nio-8080-exec-10] c.n.c.a.ServiceLogAspect [ServiceLogAspect.java:36] 用户[0:0:0:0:0:0:0:1],在[2020-09-01 23:16:41],访问了[com.nowcoder.community.service.DiscussPostService.findDiscussPostRows].
2020-09-01 23:16:41,391 INFO [http-nio-8080-exec-10] c.n.c.a.ServiceLogAspect [ServiceLogAspect.java:36] 用户[0:0:0:0:0:0:0:1],在[2020-09-01 23:16:41],访问了[com.nowcoder.community.service.DiscussPostService.findDiscussPosts].
2020-09-01 23:16:41,402 INFO [http-nio-8080-exec-10] c.n.c.a.ServiceLogAspect [ServiceLogAspect.java:36] 用户[0:0:0:0:0:0:0:1],在[2020-09-01 23:16:41],访问了[com.nowcoder.community.service.UserService.findUserById].
2020-09-01 23:16:41,406 INFO [http-nio-8080-exec-10] c.n.c.a.ServiceLogAspect [ServiceLogAspect.java:36] 用户[0:0:0:0:0:0:0:1],在[2020-09-01 23:16:41],访问了[com.nowcoder.community.service.LikeService.findEntityLikeCount].
2020-09-01 23:16:41,408 INFO [http-nio-8080-exec-10] c.n.c.a.ServiceLogAspect [ServiceLogAspect.java:36] 用户[0:0:0:0:0:0:0:1],在[2020-09-01 23:16:41],访问了[com.nowcoder.community.service.UserService.findUserById].
2020-09-01 23:16:41,410 INFO [http-nio-8080-exec-10] c.n.c.a.ServiceLogAspect [ServiceLogAspect.java:36] 用户[0:0:0:0:0:0:0:1],在[2020-09-01 23:16:41],访问了[com.nowcoder.community.service.LikeService.findEntityLikeCount].
2020-09-01 23:16:41,412 INFO [http-nio-8080-exec-10] c.n.c.a.ServiceLogAspect [ServiceLogAspect.java:36] 用户[0:0:0:0:0:0:0:1],在[2020-09-01 23:16:41],访问了[com.nowcoder.community.service.UserService.findUserById].
2020-09-01 23:16:41,415 INFO [http-nio-8080-exec-10] c.n.c.a.ServiceLogAspect [ServiceLogAspect.java:36] 用户[0:0:0:0:0:0:0:1],在[2020-09-01 23:16:41],访问了[com.nowcoder.community.service.LikeService.findEntityLikeCount].
2020-09-01 23:16:41,417 INFO [http-nio-8080-exec-10] c.n.c.a.ServiceLogAspect [ServiceLogAspect.java:36] 用户[0:0:0:0:0:0:0:1],在[2020-09-01 23:16:41],访问了[com.nowcoder.community.service.UserService.findUserById].
2020-09-01 23:16:41,419 INFO [http-nio-8080-exec-10] c.n.c.a.ServiceLogAspect [ServiceLogAspect.java:36] 用户[0:0:0:0:0:0:0:1],在[2020-09-01 23:16:41],访问了[com.nowcoder.community.service.LikeService.findEntityLikeCount].
2020-09-01 23:16:41,421 INFO [http-nio-8080-exec-10] c.n.c.a.ServiceLogAspect [ServiceLogAspect.java:36] 用户[0:0:0:0:0:0:0:1],在[2020-09-01 23:16:41],访问了[com.nowcoder.community.service.UserService.findUserById].
2020-09-01 23:16:41,422 INFO [http-nio-8080-exec-10] c.n.c.a.ServiceLogAspect [ServiceLogAspect.java:36] 用户[0:0:0:0:0:0:0:1],在[2020-09-01 23:16:41],访问了[com.nowcoder.community.service.LikeService.findEntityLikeCount].
2020-09-01 23:16:41,424 INFO [http-nio-8080-exec-10] c.n.c.a.ServiceLogAspect [ServiceLogAspect.java:36] 用户[0:0:0:0:0:0:0:1],在[2020-09-01 23:16:41],访问了[com.nowcoder.community.service.UserService.findUserById].
2020-09-01 23:16:41,425 INFO [http-nio-8080-exec-10] c.n.c.a.ServiceLogAspect [ServiceLogAspect.java:36] 用户[0:0:0:0:0:0:0:1],在[2020-09-01 23:16:41],访问了[com.nowcoder.community.service.LikeService.findEntityLikeCount].
2020-09-01 23:16:41,427 INFO [http-nio-8080-exec-10] c.n.c.a.ServiceLogAspect [ServiceLogAspect.java:36] 用户[0:0:0:0:0:0:0:1],在[2020-09-01 23:16:41],访问了[com.nowcoder.community.service.UserService.findUserById].
2020-09-01 23:16:41,429 INFO [http-nio-8080-exec-10] c.n.c.a.ServiceLogAspect [ServiceLogAspect.java:36] 用户[0:0:0:0:0:0:0:1],在[2020-09-01 23:16:41],访问了[com.nowcoder.community.service.LikeService.findEntityLikeCount].
2020-09-01 23:16:41,430 INFO [http-nio-8080-exec-10] c.n.c.a.ServiceLogAspect [ServiceLogAspect.java:36] 用户[0:0:0:0:0:0:0:1],在[2020-09-01 23:16:41],访问了[com.nowcoder.community.service.UserService.findUserById].
2020-09-01 23:16:41,433 INFO [http-nio-8080-exec-10] c.n.c.a.ServiceLogAspect [ServiceLogAspect.java:36] 用户[0:0:0:0:0:0:0:1],在[2020-09-01 23:16:41],访问了[com.nowcoder.community.service.LikeService.findEntityLikeCount].
2020-09-01 23:16:41,435 INFO [http-nio-8080-exec-10] c.n.c.a.ServiceLogAspect [ServiceLogAspect.java:36] 用户[0:0:0:0:0:0:0:1],在[2020-09-01 23:16:41],访问了[com.nowcoder.community.service.UserService.findUserById].
2020-09-01 23:16:41,437 INFO [http-nio-8080-exec-10] c.n.c.a.ServiceLogAspect [ServiceLogAspect.java:36] 用户[0:0:0:0:0:0:0:1],在[2020-09-01 23:16:41],访问了[com.nowcoder.community.service.LikeService.findEntityLikeCount].
2020-09-01 23:16:41,439 INFO [http-nio-8080-exec-10] c.n.c.a.ServiceLogAspect [ServiceLogAspect.java:36] 用户[0:0:0:0:0:0:0:1],在[2020-09-01 23:16:41],访问了[com.nowcoder.community.service.UserService.findUserById].
2020-09-01 23:16:41,440 INFO [http-nio-8080-exec-10] c.n.c.a.ServiceLogAspect [ServiceLogAspect.java:36] 用户[0:0:0:0:0:0:0:1],在[2020-09-01 23:16:41],访问了[com.nowcoder.community.service.LikeService.findEntityLikeCount].
2020-09-01 23:16:43,161 INFO [http-nio-8080-exec-3] c.n.c.a.ServiceLogAspect [ServiceLogAspect.java:36] 用户[0:0:0:0:0:0:0:1],在[2020-09-01 23:16:43],访问了[com.nowcoder.community.service.UserService.findLoginTicket].
2020-09-01 23:16:43,163 INFO [http-nio-8080-exec-3] c.n.c.a.ServiceLogAspect [ServiceLogAspect.java:36] 用户[0:0:0:0:0:0:0:1],在[2020-09-01 23:16:43],访问了[com.nowcoder.community.service.UserService.findUserById].
2020-09-01 23:16:43,165 INFO [http-nio-8080-exec-3] c.n.c.a.ServiceLogAspect [ServiceLogAspect.java:36] 用户[0:0:0:0:0:0:0:1],在[2020-09-01 23:16:43],访问了[com.nowcoder.community.service.MessageService.findConversationCount].
2020-09-01 23:16:43,184 INFO [http-nio-8080-exec-3] c.n.c.a.ServiceLogAspect [ServiceLogAspect.java:36] 用户[0:0:0:0:0:0:0:1],在[2020-09-01 23:16:43],访问了[com.nowcoder.community.service.MessageService.findConversations].
2020-09-01 23:16:43,190 INFO [http-nio-8080-exec-3] c.n.c.a.ServiceLogAspect [ServiceLogAspect.java:36] 用户[0:0:0:0:0:0:0:1],在[2020-09-01 23:16:43],访问了[com.nowcoder.community.service.MessageService.findLetterUnreadCount].
2020-09-01 23:16:44,351 INFO [http-nio-8080-exec-9] c.n.c.a.ServiceLogAspect [ServiceLogAspect.java:36] 用户[0:0:0:0:0:0:0:1],在[2020-09-01 23:16:44],访问了[com.nowcoder.community.service.UserService.findLoginTicket].
2020-09-01 23:16:44,352 INFO [http-nio-8080-exec-9] c.n.c.a.ServiceLogAspect [ServiceLogAspect.java:36] 用户[0:0:0:0:0:0:0:1],在[2020-09-01 23:16:44],访问了[com.nowcoder.community.service.UserService.findUserById].
2020-09-01 23:16:44,365 INFO [http-nio-8080-exec-9] c.n.c.a.ServiceLogAspect [ServiceLogAspect.java:36] 用户[0:0:0:0:0:0:0:1],在[2020-09-01 23:16:44],访问了[com.nowcoder.community.service.UserService.findLoginTicket].
2020-09-01 23:16:44,368 INFO [http-nio-8080-exec-9] c.n.c.a.ServiceLogAspect [ServiceLogAspect.java:36] 用户[0:0:0:0:0:0:0:1],在[2020-09-01 23:16:44],访问了[com.nowcoder.community.service.UserService.findUserById].
2020-09-01 23:16:45,657 INFO [http-nio-8080-exec-5] c.n.c.a.ServiceLogAspect [ServiceLogAspect.java:36] 用户[0:0:0:0:0:0:0:1],在[2020-09-01 23:16:45],访问了[com.nowcoder.community.service.UserService.findLoginTicket].
2020-09-01 23:16:45,659 INFO [http-nio-8080-exec-5] c.n.c.a.ServiceLogAspect [ServiceLogAspect.java:36] 用户[0:0:0:0:0:0:0:1],在[2020-09-01 23:16:45],访问了[com.nowcoder.community.service.UserService.findUserById].
2020-09-01 23:16:45,660 INFO [http-nio-8080-exec-5] c.n.c.a.ServiceLogAspect [ServiceLogAspect.java:36] 用户[0:0:0:0:0:0:0:1],在[2020-09-01 23:16:45],访问了[com.nowcoder.community.service.MessageService.findConversationCount].
2020-09-01 23:16:45,666 INFO [http-nio-8080-exec-5] c.n.c.a.ServiceLogAspect [ServiceLogAspect.java:36] 用户[0:0:0:0:0:0:0:1],在[2020-09-01 23:16:45],访问了[com.nowcoder.community.service.MessageService.findConversations].
2020-09-01 23:16:45,671 INFO [http-nio-8080-exec-5] c.n.c.a.ServiceLogAspect [ServiceLogAspect.java:36] 用户[0:0:0:0:0:0:0:1],在[2020-09-01 23:16:45],访问了[com.nowcoder.community.service.MessageService.findLetterUnreadCount].
2020-09-01 23:16:46,443 INFO [http-nio-8080-exec-8] c.n.c.a.ServiceLogAspect [ServiceLogAspect.java:36] 用户[0:0:0:0:0:0:0:1],在[2020-09-01 23:16:46],访问了[com.nowcoder.community.service.UserService.findLoginTicket].
2020-09-01 23:16:46,444 INFO [http-nio-8080-exec-8] c.n.c.a.ServiceLogAspect [ServiceLogAspect.java:36] 用户[0:0:0:0:0:0:0:1],在[2020-09-01 23:16:46],访问了[com.nowcoder.community.service.UserService.findUserById].
2020-09-01 23:16:46,446 INFO [http-nio-8080-exec-8] c.n.c.a.ServiceLogAspect [ServiceLogAspect.java:36] 用户[0:0:0:0:0:0:0:1],在[2020-09-01 23:16:46],访问了[com.nowcoder.community.service.MessageService.findConversationCount].
2020-09-01 23:16:46,450 INFO [http-nio-8080-exec-8] c.n.c.a.ServiceLogAspect [ServiceLogAspect.java:36] 用户[0:0:0:0:0:0:0:1],在[2020-09-01 23:16:46],访问了[com.nowcoder.community.service.MessageService.findConversations].
2020-09-01 23:16:46,455 INFO [http-nio-8080-exec-8] c.n.c.a.ServiceLogAspect [ServiceLogAspect.java:36] 用户[0:0:0:0:0:0:0:1],在[2020-09-01 23:16:46],访问了[com.nowcoder.community.service.MessageService.findLetterUnreadCount].
2020-09-01 23:16:47,382 INFO [http-nio-8080-exec-5] c.n.c.a.ServiceLogAspect [ServiceLogAspect.java:36] 用户[0:0:0:0:0:0:0:1],在[2020-09-01 23:16:47],访问了[com.nowcoder.community.service.UserService.findLoginTicket].
2020-09-01 23:16:47,383 INFO [http-nio-8080-exec-5] c.n.c.a.ServiceLogAspect [ServiceLogAspect.java:36] 用户[0:0:0:0:0:0:0:1],在[2020-09-01 23:16:47],访问了[com.nowcoder.community.service.UserService.findUserById].
2020-09-01 23:16:47,386 INFO [http-nio-8080-exec-5] c.n.c.a.ServiceLogAspect [ServiceLogAspect.java:36] 用户[0:0:0:0:0:0:0:1],在[2020-09-01 23:16:47],访问了[com.nowcoder.community.service.DiscussPostService.findDiscussPostRows].
2020-09-01 23:16:47,390 INFO [http-nio-8080-exec-5] c.n.c.a.ServiceLogAspect [ServiceLogAspect.java:36] 用户[0:0:0:0:0:0:0:1],在[2020-09-01 23:16:47],访问了[com.nowcoder.community.service.DiscussPostService.findDiscussPosts].
2020-09-01 23:16:47,395 INFO [http-nio-8080-exec-5] c.n.c.a.ServiceLogAspect [ServiceLogAspect.java:36] 用户[0:0:0:0:0:0:0:1],在[2020-09-01 23:16:47],访问了[com.nowcoder.community.service.UserService.findUserById].
2020-09-01 23:16:47,397 INFO [http-nio-8080-exec-5] c.n.c.a.ServiceLogAspect [ServiceLogAspect.java:36] 用户[0:0:0:0:0:0:0:1],在[2020-09-01 23:16:47],访问了[com.nowcoder.community.service.LikeService.findEntityLikeCount].
2020-09-01 23:16:47,398 INFO [http-nio-8080-exec-5] c.n.c.a.ServiceLogAspect [ServiceLogAspect.java:36] 用户[0:0:0:0:0:0:0:1],在[2020-09-01 23:16:47],访问了[com.nowcoder.community.service.UserService.findUserById].
2020-09-01 23:16:47,399 INFO [http-nio-8080-exec-5] c.n.c.a.ServiceLogAspect [ServiceLogAspect.java:36] 用户[0:0:0:0:0:0:0:1],在[2020-09-01 23:16:47],访问了[com.nowcoder.community.service.LikeService.findEntityLikeCount].
2020-09-01 23:16:47,400 INFO [http-nio-8080-exec-5] c.n.c.a.ServiceLogAspect [ServiceLogAspect.java:36] 用户[0:0:0:0:0:0:0:1],在[2020-09-01 23:16:47],访问了[com.nowcoder.community.service.UserService.findUserById].
2020-09-01 23:16:47,401 INFO [http-nio-8080-exec-5] c.n.c.a.ServiceLogAspect [ServiceLogAspect.java:36] 用户[0:0:0:0:0:0:0:1],在[2020-09-01 23:16:47],访问了[com.nowcoder.community.service.LikeService.findEntityLikeCount].
2020-09-01 23:16:47,403 INFO [http-nio-8080-exec-5] c.n.c.a.ServiceLogAspect [ServiceLogAspect.java:36] 用户[0:0:0:0:0:0:0:1],在[2020-09-01 23:16:47],访问了[com.nowcoder.community.service.UserService.findUserById].
2020-09-01 23:16:47,404 INFO [http-nio-8080-exec-5] c.n.c.a.ServiceLogAspect [ServiceLogAspect.java:36] 用户[0:0:0:0:0:0:0:1],在[2020-09-01 23:16:47],访问了[com.nowcoder.community.service.LikeService.findEntityLikeCount].
2020-09-01 23:16:47,405 INFO [http-nio-8080-exec-5] c.n.c.a.ServiceLogAspect [ServiceLogAspect.java:36] 用户[0:0:0:0:0:0:0:1],在[2020-09-01 23:16:47],访问了[com.nowcoder.community.service.UserService.findUserById].
2020-09-01 23:16:47,407 INFO [http-nio-8080-exec-5] c.n.c.a.ServiceLogAspect [ServiceLogAspect.java:36] 用户[0:0:0:0:0:0:0:1],在[2020-09-01 23:16:47],访问了[com.nowcoder.community.service.LikeService.findEntityLikeCount].
2020-09-01 23:16:47,408 INFO [http-nio-8080-exec-5] c.n.c.a.ServiceLogAspect [ServiceLogAspect.java:36] 用户[0:0:0:0:0:0:0:1],在[2020-09-01 23:16:47],访问了[com.nowcoder.community.service.UserService.findUserById].
2020-09-01 23:16:47,410 INFO [http-nio-8080-exec-5] c.n.c.a.ServiceLogAspect [ServiceLogAspect.java:36] 用户[0:0:0:0:0:0:0:1],在[2020-09-01 23:16:47],访问了[com.nowcoder.community.service.LikeService.findEntityLikeCount].
2020-09-01 23:16:47,411 INFO [http-nio-8080-exec-5] c.n.c.a.ServiceLogAspect [ServiceLogAspect.java:36] 用户[0:0:0:0:0:0:0:1],在[2020-09-01 23:16:47],访问了[com.nowcoder.community.service.UserService.findUserById].
2020-09-01 23:16:47,412 INFO [http-nio-8080-exec-5] c.n.c.a.ServiceLogAspect [ServiceLogAspect.java:36] 用户[0:0:0:0:0:0:0:1],在[2020-09-01 23:16:47],访问了[com.nowcoder.community.service.LikeService.findEntityLikeCount].
2020-09-01 23:16:47,413 INFO [http-nio-8080-exec-5] c.n.c.a.ServiceLogAspect [ServiceLogAspect.java:36] 用户[0:0:0:0:0:0:0:1],在[2020-09-01 23:16:47],访问了[com.nowcoder.community.service.UserService.findUserById].
2020-09-01 23:16:47,415 INFO [http-nio-8080-exec-5] c.n.c.a.ServiceLogAspect [ServiceLogAspect.java:36] 用户[0:0:0:0:0:0:0:1],在[2020-09-01 23:16:47],访问了[com.nowcoder.community.service.LikeService.findEntityLikeCount].
2020-09-01 23:16:47,416 INFO [http-nio-8080-exec-5] c.n.c.a.ServiceLogAspect [ServiceLogAspect.java:36] 用户[0:0:0:0:0:0:0:1],在[2020-09-01 23:16:47],访问了[com.nowcoder.community.service.UserService.findUserById].
2020-09-01 23:16:47,417 INFO [http-nio-8080-exec-5] c.n.c.a.ServiceLogAspect [ServiceLogAspect.java:36] 用户[0:0:0:0:0:0:0:1],在[2020-09-01 23:16:47],访问了[com.nowcoder.community.service.LikeService.findEntityLikeCount].
2020-09-01 23:16:47,418 INFO [http-nio-8080-exec-5] c.n.c.a.ServiceLogAspect [ServiceLogAspect.java:36] 用户[0:0:0:0:0:0:0:1],在[2020-09-01 23:16:47],访问了[com.nowcoder.community.service.UserService.findUserById].
2020-09-01 23:16:47,419 INFO [http-nio-8080-exec-5] c.n.c.a.ServiceLogAspect [ServiceLogAspect.java:36] 用户[0:0:0:0:0:0:0:1],在[2020-09-01 23:16:47],访问了[com.nowcoder.community.service.LikeService.findEntityLikeCount].
2020-09-01 23:16:54,425 INFO [http-nio-8080-exec-6] c.n.c.a.ServiceLogAspect [ServiceLogAspect.java:36] 用户[0:0:0:0:0:0:0:1],在[2020-09-01 23:16:54],访问了[com.nowcoder.community.service.UserService.findLoginTicket].
2020-09-01 23:16:54,426 INFO [http-nio-8080-exec-6] c.n.c.a.ServiceLogAspect [ServiceLogAspect.java:36] 用户[0:0:0:0:0:0:0:1],在[2020-09-01 23:16:54],访问了[com.nowcoder.community.service.UserService.findUserById].
2020-09-01 23:16:54,428 INFO [http-nio-8080-exec-6] c.n.c.a.ServiceLogAspect [ServiceLogAspect.java:36] 用户[0:0:0:0:0:0:0:1],在[2020-09-01 23:16:54],访问了[com.nowcoder.community.service.UserService.findUserById].
2020-09-01 23:16:54,430 INFO [http-nio-8080-exec-6] c.n.c.a.ServiceLogAspect [ServiceLogAspect.java:36] 用户[0:0:0:0:0:0:0:1],在[2020-09-01 23:16:54],访问了[com.nowcoder.community.service.LikeService.findUserLikeCount].
2020-09-01 23:16:54,431 INFO [http-nio-8080-exec-6] c.n.c.a.ServiceLogAspect [ServiceLogAspect.java:36] 用户[0:0:0:0:0:0:0:1],在[2020-09-01 23:16:54],访问了[com.nowcoder.community.service.FollowService.findFolloweeCount].
2020-09-01 23:16:54,433 INFO [http-nio-8080-exec-6] c.n.c.a.ServiceLogAspect [ServiceLogAspect.java:36] 用户[0:0:0:0:0:0:0:1],在[2020-09-01 23:16:54],访问了[com.nowcoder.community.service.FollowService.findFollowerCount].
2020-09-01 23:16:54,434 INFO [http-nio-8080-exec-6] c.n.c.a.ServiceLogAspect [ServiceLogAspect.java:36] 用户[0:0:0:0:0:0:0:1],在[2020-09-01 23:16:54],访问了[com.nowcoder.community.service.FollowService.hasFollowed].
2020-09-01 23:16:57,497 INFO [http-nio-8080-exec-2] c.n.c.a.ServiceLogAspect [ServiceLogAspect.java:36] 用户[0:0:0:0:0:0:0:1],在[2020-09-01 23:16:57],访问了[com.nowcoder.community.service.UserService.findLoginTicket].
2020-09-01 23:16:57,499 INFO [http-nio-8080-exec-2] c.n.c.a.ServiceLogAspect [ServiceLogAspect.java:36] 用户[0:0:0:0:0:0:0:1],在[2020-09-01 23:16:57],访问了[com.nowcoder.community.service.UserService.findUserById].
2020-09-01 23:16:57,500 INFO [http-nio-8080-exec-2] c.n.c.a.ServiceLogAspect [ServiceLogAspect.java:36] 用户[0:0:0:0:0:0:0:1],在[2020-09-01 23:16:57],访问了[com.nowcoder.community.service.DiscussPostService.findDiscussPostRows].
2020-09-01 23:16:57,504 INFO [http-nio-8080-exec-2] c.n.c.a.ServiceLogAspect [ServiceLogAspect.java:36] 用户[0:0:0:0:0:0:0:1],在[2020-09-01 23:16:57],访问了[com.nowcoder.community.service.DiscussPostService.findDiscussPosts].
2020-09-01 23:16:57,510 INFO [http-nio-8080-exec-2] c.n.c.a.ServiceLogAspect [ServiceLogAspect.java:36] 用户[0:0:0:0:0:0:0:1],在[2020-09-01 23:16:57],访问了[com.nowcoder.community.service.UserService.findUserById].
2020-09-01 23:16:57,511 INFO [http-nio-8080-exec-2] c.n.c.a.ServiceLogAspect [ServiceLogAspect.java:36] 用户[0:0:0:0:0:0:0:1],在[2020-09-01 23:16:57],访问了[com.nowcoder.community.service.LikeService.findEntityLikeCount].
2020-09-01 23:16:57,512 INFO [http-nio-8080-exec-2] c.n.c.a.ServiceLogAspect [ServiceLogAspect.java:36] 用户[0:0:0:0:0:0:0:1],在[2020-09-01 23:16:57],访问了[com.nowcoder.community.service.UserService.findUserById].
2020-09-01 23:16:57,514 INFO [http-nio-8080-exec-2] c.n.c.a.ServiceLogAspect [ServiceLogAspect.java:36] 用户[0:0:0:0:0:0:0:1],在[2020-09-01 23:16:57],访问了[com.nowcoder.community.service.LikeService.findEntityLikeCount].
2020-09-01 23:16:57,515 INFO [http-nio-8080-exec-2] c.n.c.a.ServiceLogAspect [ServiceLogAspect.java:36] 用户[0:0:0:0:0:0:0:1],在[2020-09-01 23:16:57],访问了[com.nowcoder.community.service.UserService.findUserById].
2020-09-01 23:16:57,517 INFO [http-nio-8080-exec-2] c.n.c.a.ServiceLogAspect [ServiceLogAspect.java:36] 用户[0:0:0:0:0:0:0:1],在[2020-09-01 23:16:57],访问了[com.nowcoder.community.service.LikeService.findEntityLikeCount].
2020-09-01 23:16:57,518 INFO [http-nio-8080-exec-2] c.n.c.a.ServiceLogAspect [ServiceLogAspect.java:36] 用户[0:0:0:0:0:0:0:1],在[2020-09-01 23:16:57],访问了[com.nowcoder.community.service.UserService.findUserById].
2020-09-01 23:16:57,519 INFO [http-nio-8080-exec-2] c.n.c.a.ServiceLogAspect [ServiceLogAspect.java:36] 用户[0:0:0:0:0:0:0:1],在[2020-09-01 23:16:57],访问了[com.nowcoder.community.service.LikeService.findEntityLikeCount].
2020-09-01 23:16:57,520 INFO [http-nio-8080-exec-2] c.n.c.a.ServiceLogAspect [ServiceLogAspect.java:36] 用户[0:0:0:0:0:0:0:1],在[2020-09-01 23:16:57],访问了[com.nowcoder.community.service.UserService.findUserById].
2020-09-01 23:16:57,522 INFO [http-nio-8080-exec-2] c.n.c.a.ServiceLogAspect [ServiceLogAspect.java:36] 用户[0:0:0:0:0:0:0:1],在[2020-09-01 23:16:57],访问了[com.nowcoder.community.service.LikeService.findEntityLikeCount].
2020-09-01 23:16:57,524 INFO [http-nio-8080-exec-2] c.n.c.a.ServiceLogAspect [ServiceLogAspect.java:36] 用户[0:0:0:0:0:0:0:1],在[2020-09-01 23:16:57],访问了[com.nowcoder.community.service.UserService.findUserById].
2020-09-01 23:16:57,526 INFO [http-nio-8080-exec-2] c.n.c.a.ServiceLogAspect [ServiceLogAspect.java:36] 用户[0:0:0:0:0:0:0:1],在[2020-09-01 23:16:57],访问了[com.nowcoder.community.service.LikeService.findEntityLikeCount].
2020-09-01 23:16:57,527 INFO [http-nio-8080-exec-2] c.n.c.a.ServiceLogAspect [ServiceLogAspect.java:36] 用户[0:0:0:0:0:0:0:1],在[2020-09-01 23:16:57],访问了[com.nowcoder.community.service.UserService.findUserById].
2020-09-01 23:16:57,529 INFO [http-nio-8080-exec-2] c.n.c.a.ServiceLogAspect [ServiceLogAspect.java:36] 用户[0:0:0:0:0:0:0:1],在[2020-09-01 23:16:57],访问了[com.nowcoder.community.service.LikeService.findEntityLikeCount].
2020-09-01 23:16:57,530 INFO [http-nio-8080-exec-2] c.n.c.a.ServiceLogAspect [ServiceLogAspect.java:36] 用户[0:0:0:0:0:0:0:1],在[2020-09-01 23:16:57],访问了[com.nowcoder.community.service.UserService.findUserById].
2020-09-01 23:16:57,531 INFO [http-nio-8080-exec-2] c.n.c.a.ServiceLogAspect [ServiceLogAspect.java:36] 用户[0:0:0:0:0:0:0:1],在[2020-09-01 23:16:57],访问了[com.nowcoder.community.service.LikeService.findEntityLikeCount].
2020-09-01 23:16:57,532 INFO [http-nio-8080-exec-2] c.n.c.a.ServiceLogAspect [ServiceLogAspect.java:36] 用户[0:0:0:0:0:0:0:1],在[2020-09-01 23:16:57],访问了[com.nowcoder.community.service.UserService.findUserById].
2020-09-01 23:16:57,533 INFO [http-nio-8080-exec-2] c.n.c.a.ServiceLogAspect [ServiceLogAspect.java:36] 用户[0:0:0:0:0:0:0:1],在[2020-09-01 23:16:57],访问了[com.nowcoder.community.service.LikeService.findEntityLikeCount].
2020-09-01 23:16:57,534 INFO [http-nio-8080-exec-2] c.n.c.a.ServiceLogAspect [ServiceLogAspect.java:36] 用户[0:0:0:0:0:0:0:1],在[2020-09-01 23:16:57],访问了[com.nowcoder.community.service.UserService.findUserById].
2020-09-01 23:16:57,535 INFO [http-nio-8080-exec-2] c.n.c.a.ServiceLogAspect [ServiceLogAspect.java:36] 用户[0:0:0:0:0:0:0:1],在[2020-09-01 23:16:57],访问了[com.nowcoder.community.service.LikeService.findEntityLikeCount].
2020-09-01 23:17:01,948 INFO [SpringContextShutdownHook] o.s.s.c.ThreadPoolTaskExecutor [ExecutorConfigurationSupport.java:218] Shutting down ExecutorService 'applicationTaskExecutor'
2020-09-01 23:17:02,070 INFO [SpringContextShutdownHook] c.z.h.HikariDataSource [HikariDataSource.java:350] HikariPool-1 - Shutdown initiated...
2020-09-01 23:17:02,077 INFO [SpringContextShutdownHook] c.z.h.HikariDataSource [HikariDataSource.java:352] HikariPool-1 - Shutdown completed.
